app/build/intermediates/manifest_merge_blame_file/release/manifest-merger-blame-release-report.txt
1<?xml version="1.0" encoding="utf-8"?>
2<!--
3 <?xml version="1.0" encoding="utf-8"?>
4<manifest xmlns:android="http://schemas.android.com/apk/res/android" package="com.example.server_status">
5
6    <application
7        android:allowBackup="true"
8        android:icon="@mipmap/ic_launcher"
9        android:label="@string/app_name"
10        android:supportsRtl="true"
11        android:theme="@style/Theme.AppCompat">
12
13        <activity
14            android:name=".MainActivity"
15            android:exported="true">
16            <intent-filter>
17                <action android:name="android.intent.action.MAIN" />
18                <category android:name="android.intent.category.LAUNCHER" />
19            </intent-filter>
20        </activity>
21
22    </application>
23
24</manifest>
25-->
26<manifest xmlns:android="http://schemas.android.com/apk/res/android"
27    package="com.example.server_status"
28    android:versionCode="1"
29    android:versionName="1.0" >
30
31    <uses-sdk
32        android:minSdkVersion="21"
32-->src/main/AndroidManifest.xml
33        android:targetSdkVersion="33" />
33-->src/main/AndroidManifest.xml
34
35    <!-- 🔥 Add these permissions -->
36    <uses-permission android:name="android.permission.INTERNET" />
36-->src/main/AndroidManifest.xml:48:5-67
36-->src/main/AndroidManifest.xml:48:22-64
37    <uses-permission android:name="android.permission.ACCESS_NETWORK_STATE" />
37-->src/main/AndroidManifest.xml:49:5-79
37-->src/main/AndroidManifest.xml:49:22-76
38
39    <application
39-->src/main/AndroidManifest.xml:27:5-45:19
40        android:allowBackup="true"
40-->src/main/AndroidManifest.xml:30:9-35
41        android:appComponentFactory="androidx.core.app.CoreComponentFactory"
41-->[androidx.core:core:1.8.0] AndroidManifest.xml:24:18-86
42        android:icon="@mipmap/ic_launcher"
42-->src/main/AndroidManifest.xml:31:9-43
43        android:label="@string/app_name"
43-->src/main/AndroidManifest.xml:32:9-41
44        android:networkSecurityConfig="@xml/network_security_config"
44-->src/main/AndroidManifest.xml:29:9-69
45        android:supportsRtl="true"
45-->src/main/AndroidManifest.xml:33:9-35
46        android:theme="@style/Theme.AppCompat"
46-->src/main/AndroidManifest.xml:34:9-47
47        android:usesCleartextTraffic="true" >
47-->src/main/AndroidManifest.xml:28:9-44
48        <activity
48-->src/main/AndroidManifest.xml:36:9-43:20
49            android:name="com.example.server_status.MainActivity"
49-->src/main/AndroidManifest.xml:37:13-41
50            android:exported="true" >
50-->src/main/AndroidManifest.xml:38:13-36
51            <intent-filter>
51-->src/main/AndroidManifest.xml:39:13-42:29
52                <action android:name="android.intent.action.MAIN" />
52-->src/main/AndroidManifest.xml:40:17-69
52-->src/main/AndroidManifest.xml:40:25-66
53
54                <category android:name="android.intent.category.LAUNCHER" />
54-->src/main/AndroidManifest.xml:41:17-77
54-->src/main/AndroidManifest.xml:41:27-74
55            </intent-filter>
56        </activity>
57
58        <provider
58-->[androidx.emoji2:emoji2:1.2.0] AndroidManifest.xml:24:9-32:20
59            android:name="androidx.startup.InitializationProvider"
59-->[androidx.emoji2:emoji2:1.2.0] AndroidManifest.xml:25:13-67
60            android:authorities="com.example.server_status.androidx-startup"
60-->[androidx.emoji2:emoji2:1.2.0] AndroidManifest.xml:26:13-68
61            android:exported="false" >
61-->[androidx.emoji2:emoji2:1.2.0] AndroidManifest.xml:27:13-37
62            <meta-data
62-->[androidx.emoji2:emoji2:1.2.0] AndroidManifest.xml:29:13-31:52
63                android:name="androidx.emoji2.text.EmojiCompatInitializer"
63-->[androidx.emoji2:emoji2:1.2.0] AndroidManifest.xml:30:17-75
64                android:value="androidx.startup" />
64-->[androidx.emoji2:emoji2:1.2.0] AndroidManifest.xml:31:17-49
65            <meta-data
65-->[androidx.lifecycle:lifecycle-process:2.4.1] AndroidManifest.xml:31:13-33:52
66                android:name="androidx.lifecycle.ProcessLifecycleInitializer"
66-->[androidx.lifecycle:lifecycle-process:2.4.1] AndroidManifest.xml:32:17-78
67                android:value="androidx.startup" />
67-->[androidx.lifecycle:lifecycle-process:2.4.1] AndroidManifest.xml:33:17-49
68        </provider>
69    </application>
70
71</manifest>